<?xml version="1.0" encoding="UTF-8"?>
<!-- Generated by org.testng.reporters.JUnitReportReporter -->
<testsuite hostname="Mac-mini.local" name="com.test.tests.Login" tests="2" failures="0" timestamp="22 Nov 2019 08:24:22 GMT" time="17.560" errors="0">
  <testcase name="clickLoginHome" time="0.764" classname="com.test.tests.Login"/>
  <testcase name="enterCredentials" time="16.796" classname="com.test.tests.Login"/>
</testsuite> <!-- com.test.tests.Login -->
