<?xml version="1.0" encoding="UTF-8"?>
<!-- Generated by org.testng.reporters.JUnitReportReporter -->
<testsuite hostname="MLBD-sohel" name="com.test.tests.Homepagetest" tests="2" failures="0" timestamp="8 Nov 2019 05:21:49 GMT" time="1.694" errors="0">
  <testcase name="Verifylinks" time="1.536" classname="com.test.tests.Homepagetest"/>
  <testcase name="Verifytexts" time="0.158" classname="com.test.tests.Homepagetest"/>
</testsuite> <!-- com.test.tests.Homepagetest -->
