<?xml version="1.0" encoding="UTF-8"?>
<!-- Generated by org.testng.reporters.JUnitReportReporter -->
<testsuite hostname="Sohels-MacBook-Air.local" name="com.test.tests.Login" tests="1" failures="0" timestamp="17 Nov 2019 13:05:35 GMT" time="1.132" errors="0">
  <testcase name="login_test" time="1.132" classname="com.test.tests.Login"/>
</testsuite> <!-- com.test.tests.Login -->
