<?xml version="1.0" encoding="UTF-8"?>
<!-- Generated by org.testng.reporters.JUnitReportReporter -->
<testsuite hostname="Mac-mini.local" name="com.test.tests.Homepagetest" tests="2" failures="0" timestamp="22 Nov 2019 03:50:26 GMT" time="1.587" errors="0">
  <testcase name="Verifylinks" time="1.555" classname="com.test.tests.Homepagetest"/>
  <testcase name="Verifytexts" time="0.032" classname="com.test.tests.Homepagetest"/>
</testsuite> <!-- com.test.tests.Homepagetest -->
