<?xml version="1.0" encoding="UTF-8"?>
<!-- Generated by org.testng.reporters.JUnitReportReporter -->
<testsuite hostname="Mac-mini.local" name="com.test.tests.Login" tests="3" failures="0" timestamp="22 Nov 2019 03:50:21 GMT" time="12.126" errors="0">
  <testcase name="clickLoginHome" time="0.683" classname="com.test.tests.Login"/>
  <testcase name="enterCredentials" time="5.490" classname="com.test.tests.Login"/>
  <testcase name="signOut" time="5.953" classname="com.test.tests.Login"/>
</testsuite> <!-- com.test.tests.Login -->
