<?xml version="1.0" encoding="UTF-8"?>
<!-- Generated by org.testng.reporters.JUnitReportReporter -->
<testsuite hostname="MLBD-sohel" name="com.test.tests.test1" tests="1" failures="0" timestamp="6 Nov 2019 05:41:43 GMT" time="8.848" errors="0">
  <testcase name="Verifylinks" time="8.848" classname="com.test.tests.test1"/>
</testsuite> <!-- com.test.tests.test1 -->
