<?xml version="1.0" encoding="UTF-8"?>
<!-- Generated by org.testng.reporters.JUnitReportReporter -->
<testsuite hostname="Sohels-MacBook-Air.local" name="com.test.tests.Homepagetest" tests="2" failures="0" timestamp="18 Nov 2019 13:11:23 GMT" time="1.566" errors="0">
  <testcase name="Verifylinks" time="1.515" classname="com.test.tests.Homepagetest"/>
  <testcase name="Verifytexts" time="0.051" classname="com.test.tests.Homepagetest"/>
</testsuite> <!-- com.test.tests.Homepagetest -->
